c:\users\staff\onedrive\ドキュメント\visual studio 2022\creative_academy\faze2\phase2\x64\debug\vc143.pdb
c:\users\staff\onedrive\ドキュメント\visual studio 2022\creative_academy\faze2\phase2\x64\debug\vc143.idb
c:\users\staff\onedrive\ドキュメント\visual studio 2022\creative_academy\faze2\phase2\x64\debug\titlelevel.obj
c:\users\staff\onedrive\ドキュメント\visual studio 2022\creative_academy\faze2\phase2\x64\debug\gamelevel.obj
c:\users\staff\onedrive\ドキュメント\visual studio 2022\creative_academy\faze2\phase2\x64\debug\levelchanger.obj
c:\users\staff\onedrive\ドキュメント\visual studio 2022\creative_academy\faze2\phase2\x64\debug\levelbase.obj
c:\users\staff\onedrive\ドキュメント\visual studio 2022\creative_academy\faze2\phase2\x64\debug\playerkunai.obj
c:\users\staff\onedrive\ドキュメント\visual studio 2022\creative_academy\faze2\phase2\x64\debug\kunaimanager.obj
c:\users\staff\onedrive\ドキュメント\visual studio 2022\creative_academy\faze2\phase2\x64\debug\kunaibase.obj
c:\users\staff\onedrive\ドキュメント\visual studio 2022\creative_academy\faze2\phase2\x64\debug\enemykunai.obj
c:\users\staff\onedrive\ドキュメント\visual studio 2022\creative_academy\faze2\phase2\x64\debug\gameinfo.obj
c:\users\staff\onedrive\ドキュメント\visual studio 2022\creative_academy\faze2\phase2\x64\debug\fademanager.obj
c:\users\staff\onedrive\ドキュメント\visual studio 2022\creative_academy\faze2\phase2\x64\debug\patrolenemy.obj
c:\users\staff\onedrive\ドキュメント\visual studio 2022\creative_academy\faze2\phase2\x64\debug\enemymanager.obj
c:\users\staff\onedrive\ドキュメント\visual studio 2022\creative_academy\faze2\phase2\x64\debug\enemybase.obj
c:\users\staff\onedrive\ドキュメント\visual studio 2022\creative_academy\faze2\phase2\x64\debug\slasheffect.obj
c:\users\staff\onedrive\ドキュメント\visual studio 2022\creative_academy\faze2\phase2\x64\debug\explosioneffect.obj
c:\users\staff\onedrive\ドキュメント\visual studio 2022\creative_academy\faze2\phase2\x64\debug\effectmanager.obj
c:\users\staff\onedrive\ドキュメント\visual studio 2022\creative_academy\faze2\phase2\x64\debug\effectbase.obj
c:\users\staff\onedrive\ドキュメント\visual studio 2022\creative_academy\faze2\phase2\x64\debug\collisionbase.obj
c:\users\staff\onedrive\ドキュメント\visual studio 2022\creative_academy\faze2\phase2\x64\debug\audiomanager.obj
c:\users\staff\onedrive\ドキュメント\visual studio 2022\creative_academy\faze2\phase2\x64\debug\taskmanager.obj
c:\users\staff\onedrive\ドキュメント\visual studio 2022\creative_academy\faze2\phase2\x64\debug\task.obj
c:\users\staff\onedrive\ドキュメント\visual studio 2022\creative_academy\faze2\phase2\x64\debug\inputmanager.obj
c:\users\staff\onedrive\ドキュメント\visual studio 2022\creative_academy\faze2\phase2\x64\debug\camera2d.obj
c:\users\staff\onedrive\ドキュメント\visual studio 2022\creative_academy\faze2\phase2\x64\debug\main.obj
c:\users\staff\onedrive\ドキュメント\visual studio 2022\creative_academy\faze2\phase2\x64\debug\hpbar.obj
c:\users\staff\onedrive\ドキュメント\visual studio 2022\creative_academy\faze2\phase2\x64\debug\tilemap.obj
c:\users\staff\onedrive\ドキュメント\visual studio 2022\creative_academy\faze2\phase2\x64\debug\tileset.obj
c:\users\staff\onedrive\ドキュメント\visual studio 2022\creative_academy\faze2\phase2\x64\debug\tiledatabase.obj
c:\users\staff\onedrive\ドキュメント\visual studio 2022\creative_academy\faze2\phase2\x64\debug\tilemaprenderer.obj
c:\users\staff\onedrive\ドキュメント\visual studio 2022\creative_academy\faze2\phase2\x64\debug\background.obj
c:\users\staff\onedrive\ドキュメント\visual studio 2022\creative_academy\faze2\phase2\x64\debug\pausemanager.obj
c:\users\staff\onedrive\ドキュメント\visual studio 2022\creative_academy\faze2\phase2\x64\debug\longrangeenemy.obj
c:\users\staff\onedrive\ドキュメント\visual studio 2022\creative_academy\faze2\phase2\x64\debug\bossenemy.obj
c:\users\staff\onedrive\ドキュメント\visual studio 2022\creative_academy\faze2\phase2\x64\debug\player.obj
c:\users\staff\onedrive\ドキュメント\visual studio 2022\creative_academy\faze2\phase2\x64\debug\tutorialmanager.obj
c:\users\staff\onedrive\ドキュメント\visual studio 2022\creative_academy\faze2\phase2\x64\debug\titleui.obj
c:\users\staff\onedrive\ドキュメント\visual studio 2022\creative_academy\faze2\phase2\x64\debug\enemyspawnmap.obj
c:\users\staff\onedrive\ドキュメント\visual studio 2022\creative_academy\faze2\x64\debug\phase2.exe
c:\users\staff\onedrive\ドキュメント\visual studio 2022\creative_academy\faze2\x64\debug\phase2.pdb
c:\users\staff\onedrive\ドキュメント\visual studio 2022\creative_academy\faze2\phase2\x64\debug\phase2.ilk
c:\users\staff\onedrive\ドキュメント\visual studio 2022\creative_academy\faze2\phase2\x64\debug\gameui.obj
c:\users\staff\onedrive\ドキュメント\visual studio 2022\creative_academy\faze2\phase2\x64\debug\faze2.ilk
c:\users\staff\onedrive\ドキュメント\visual studio 2022\creative_academy\faze2\phase2\x64\debug\phase2.tlog\cl.command.1.tlog
c:\users\staff\onedrive\ドキュメント\visual studio 2022\creative_academy\faze2\phase2\x64\debug\phase2.tlog\cl.items.tlog
c:\users\staff\onedrive\ドキュメント\visual studio 2022\creative_academy\faze2\phase2\x64\debug\phase2.tlog\cl.read.1.tlog
c:\users\staff\onedrive\ドキュメント\visual studio 2022\creative_academy\faze2\phase2\x64\debug\phase2.tlog\cl.write.1.tlog
c:\users\staff\onedrive\ドキュメント\visual studio 2022\creative_academy\faze2\phase2\x64\debug\phase2.tlog\link.command.1.tlog
c:\users\staff\onedrive\ドキュメント\visual studio 2022\creative_academy\faze2\phase2\x64\debug\phase2.tlog\link.read.1.tlog
c:\users\staff\onedrive\ドキュメント\visual studio 2022\creative_academy\faze2\phase2\x64\debug\phase2.tlog\link.secondary.1.tlog
c:\users\staff\onedrive\ドキュメント\visual studio 2022\creative_academy\faze2\phase2\x64\debug\phase2.tlog\link.write.1.tlog
